#
# There is insufficient memory for the Java Runtime Environment to continue.
# Cannot create GC thread. Out of system resources.
# Possible reasons:
#   The system is out of physical RAM or swap space
#   The process is running with CompressedOops enabled, and the Java Heap may be blocking the growth of the native heap
# Possible solutions:
#   Reduce memory load on the system
#   Increase physical memory or swap space
#   Check if swap backing store is full
#   Decrease Java heap size (-Xmx/-Xms)
#   Decrease number of Java threads
#   Decrease Java thread stack sizes (-Xss)
#   Set larger code cache with -XX:ReservedCodeCacheSize=
# This output file may be truncated or incomplete.
#
#  Out of Memory Error (gcTaskThread.cpp:48), pid=22658, tid=0x00007f66fad0eb80
#
# JRE version:  (8.0_201-b09) (build )
# Java VM: Java HotSpot(TM) 64-Bit Server VM (25.201-b09 mixed mode linux-amd64 compressed oops)
# Failed to write core dump. Core dumps have been disabled. To enable core dumping, try "ulimit -c unlimited" before starting Java again
#

---------------  T H R E A D  ---------------

Current thread (0x0000000001ea4800):  JavaThread "Unknown thread" [_thread_in_vm, id=22658, stack(0x00007fff9fbfc000,0x00007fff9fcfc000)]

Stack: [0x00007fff9fbfc000,0x00007fff9fcfc000],  sp=0x00007fff9fcf5940,  free space=998k
Native frames: (J=compiled Java code, j=interpreted, Vv=VM code, C=native code)
V  [libjvm.so+0xad3525]  VMError::report_and_die()+0x2e5
V  [libjvm.so+0x4e0457]  report_vm_out_of_memory(char const*, int, unsigned long, VMErrorType, char const*)+0x67
V  [libjvm.so+0x5c392f]  GCTaskThread::GCTaskThread(GCTaskManager*, unsigned int, unsigned int)+0x13f
V  [libjvm.so+0x5c2afd]  GCTaskManager::initialize()+0x36d
V  [libjvm.so+0x93aeb2]  ParallelScavengeHeap::initialize()+0x3a2
V  [libjvm.so+0xa9714a]  Universe::initialize_heap()+0x16a
V  [libjvm.so+0xa97433]  universe_init()+0x33
V  [libjvm.so+0x631fd0]  init_globals()+0x50
V  [libjvm.so+0xa79b69]  Threads::create_vm(JavaVMInitArgs*, bool*)+0x409
V  [libjvm.so+0x6d7b4f]  JNI_CreateJavaVM+0x4f
C  [libjli.so+0x7ee4]  JavaMain+0x84
C  [libjli.so+0xd819]  ContinueInNewThread0+0x69
C  [libjli.so+0x9c42]  ContinueInNewThread+0x52
C  [libjli.so+0xa368]  JLI_Launch+0x5d8
C  [java+0x53a]
C  [libc.so.6+0x21b97]  __libc_start_main+0xe7


---------------  P R O C E S S  ---------------

Java Threads: ( => current thread )

Other Threads:

=>0x0000000001ea4800 (exited) JavaThread "Unknown thread" [_thread_in_vm, id=22658, stack(0x00007fff9fbfc000,0x00007fff9fcfc000)]

VM state:not at safepoint (not fully initialized)

VM Mutex/Monitor currently owned by a thread: None

heap address: 0x00000006c7200000, size: 3982 MB, Compressed Oops mode: Non-zero based:0x00000006c71ff000, Oop shift amount: 3
Narrow klass base: 0x0000000000000000, Narrow klass shift: 0

GC Heap History (0 events):
No events

Deoptimization events (0 events):
No events

Classes redefined (0 events):
No events

Internal exceptions (0 events):
No events

Events (0 events):
No events


Dynamic libraries:
00400000-00401000 r-xp 00000000 08:16 806859                             /usr/lib/jvm/java-8-oracle/bin/java
00600000-00601000 r--p 00000000 08:16 806859                             /usr/lib/jvm/java-8-oracle/bin/java
00601000-00602000 rw-p 00001000 08:16 806859                             /usr/lib/jvm/java-8-oracle/bin/java
01e86000-01ee0000 rw-p 00000000 00:00 0                                  [heap]
6c7200000-6d1900000 rw-p 00000000 00:00 0 
6d1900000-76d100000 ---p 00000000 00:00 0 
76d100000-772400000 rw-p 00000000 00:00 0 
772400000-7c0000000 ---p 00000000 00:00 0 
7f66e7962000-7f66e7c4b000 rw-p 00000000 00:00 0 
7f66e7c4b000-7f66e8127000 ---p 00000000 00:00 0 
7f66e8127000-7f66e817b000 rw-p 00000000 00:00 0 
7f66e817b000-7f66e8656000 ---p 00000000 00:00 0 
7f66e8656000-7f66e8680000 rw-p 00000000 00:00 0 
7f66e8680000-7f66e88ee000 ---p 00000000 00:00 0 
7f66e88ee000-7f66e88f9000 rw-p 00000000 00:00 0 
7f66e88f9000-7f66e8caf000 ---p 00000000 00:00 0 
7f66e8caf000-7f66e8f1f000 rwxp 00000000 00:00 0 
7f66e8f1f000-7f66f7caf000 ---p 00000000 00:00 0 
7f66f7caf000-7f66f7cca000 r-xp 00000000 08:16 1073799                    /usr/lib/jvm/java-8-oracle/jre/lib/amd64/libzip.so
7f66f7cca000-7f66f7ec9000 ---p 0001b000 08:16 1073799                    /usr/lib/jvm/java-8-oracle/jre/lib/amd64/libzip.so
7f66f7ec9000-7f66f7eca000 r--p 0001a000 08:16 1073799                    /usr/lib/jvm/java-8-oracle/jre/lib/amd64/libzip.so
7f66f7eca000-7f66f7ecb000 rw-p 0001b000 08:16 1073799                    /usr/lib/jvm/java-8-oracle/jre/lib/amd64/libzip.so
7f66f7ecb000-7f66f7ed6000 r-xp 00000000 08:16 661253                     /lib/x86_64-linux-gnu/libnss_files-2.27.so
7f66f7ed6000-7f66f80d5000 ---p 0000b000 08:16 661253                     /lib/x86_64-linux-gnu/libnss_files-2.27.so
7f66f80d5000-7f66f80d6000 r--p 0000a000 08:16 661253                     /lib/x86_64-linux-gnu/libnss_files-2.27.so
7f66f80d6000-7f66f80d7000 rw-p 0000b000 08:16 661253                     /lib/x86_64-linux-gnu/libnss_files-2.27.so
7f66f80d7000-7f66f80dd000 rw-p 00000000 00:00 0 
7f66f80dd000-7f66f80f4000 r-xp 00000000 08:16 661247                     /lib/x86_64-linux-gnu/libnsl-2.27.so
7f66f80f4000-7f66f82f3000 ---p 00017000 08:16 661247                     /lib/x86_64-linux-gnu/libnsl-2.27.so
7f66f82f3000-7f66f82f4000 r--p 00016000 08:16 661247                     /lib/x86_64-linux-gnu/libnsl-2.27.so
7f66f82f4000-7f66f82f5000 rw-p 00017000 08:16 661247                     /lib/x86_64-linux-gnu/libnsl-2.27.so
7f66f82f5000-7f66f82f7000 rw-p 00000000 00:00 0 
7f66f82f7000-7f66f8302000 r-xp 00000000 08:16 661264                     /lib/x86_64-linux-gnu/libnss_nis-2.27.so
7f66f8302000-7f66f8501000 ---p 0000b000 08:16 661264                     /lib/x86_64-linux-gnu/libnss_nis-2.27.so
7f66f8501000-7f66f8502000 r--p 0000a000 08:16 661264                     /lib/x86_64-linux-gnu/libnss_nis-2.27.so
7f66f8502000-7f66f8503000 rw-p 0000b000 08:16 661264                     /lib/x86_64-linux-gnu/libnss_nis-2.27.so
7f66f8503000-7f66f850b000 r-xp 00000000 08:16 661249                     /lib/x86_64-linux-gnu/libnss_compat-2.27.so
7f66f850b000-7f66f870b000 ---p 00008000 08:16 661249                     /lib/x86_64-linux-gnu/libnss_compat-2.27.so
7f66f870b000-7f66f870c000 r--p 00008000 08:16 661249                     /lib/x86_64-linux-gnu/libnss_compat-2.27.so
7f66f870c000-7f66f870d000 rw-p 00009000 08:16 661249                     /lib/x86_64-linux-gnu/libnss_compat-2.27.so
7f66f870d000-7f66f8739000 r-xp 00000000 08:16 1073793                    /usr/lib/jvm/java-8-oracle/jre/lib/amd64/libjava.so
7f66f8739000-7f66f8939000 ---p 0002c000 08:16 1073793                    /usr/lib/jvm/java-8-oracle/jre/lib/amd64/libjava.so
7f66f8939000-7f66f893a000 r--p 0002c000 08:16 1073793                    /usr/lib/jvm/java-8-oracle/jre/lib/amd64/libjava.so
7f66f893a000-7f66f893c000 rw-p 0002d000 08:16 1073793                    /usr/lib/jvm/java-8-oracle/jre/lib/amd64/libjava.so
7f66f893c000-7f66f8949000 r-xp 00000000 08:16 1073798                    /usr/lib/jvm/java-8-oracle/jre/lib/amd64/libverify.so
7f66f8949000-7f66f8b48000 ---p 0000d000 08:16 1073798                    /usr/lib/jvm/java-8-oracle/jre/lib/amd64/libverify.so
7f66f8b48000-7f66f8b4a000 r--p 0000c000 08:16 1073798                    /usr/lib/jvm/java-8-oracle/jre/lib/amd64/libverify.so
7f66f8b4a000-7f66f8b4b000 rw-p 0000e000 08:16 1073798                    /usr/lib/jvm/java-8-oracle/jre/lib/amd64/libverify.so
7f66f8b4b000-7f66f8b52000 r-xp 00000000 08:16 661304                     /lib/x86_64-linux-gnu/librt-2.27.so
7f66f8b52000-7f66f8d51000 ---p 00007000 08:16 661304                     /lib/x86_64-linux-gnu/librt-2.27.so
7f66f8d51000-7f66f8d52000 r--p 00006000 08:16 661304                     /lib/x86_64-linux-gnu/librt-2.27.so
7f66f8d52000-7f66f8d53000 rw-p 00007000 08:16 661304                     /lib/x86_64-linux-gnu/librt-2.27.so
7f66f8d53000-7f66f8ef0000 r-xp 00000000 08:16 661226                     /lib/x86_64-linux-gnu/libm-2.27.so
7f66f8ef0000-7f66f90ef000 ---p 0019d000 08:16 661226                     /lib/x86_64-linux-gnu/libm-2.27.so
7f66f90ef000-7f66f90f0000 r--p 0019c000 08:16 661226                     /lib/x86_64-linux-gnu/libm-2.27.so
7f66f90f0000-7f66f90f1000 rw-p 0019d000 08:16 661226                     /lib/x86_64-linux-gnu/libm-2.27.so
7f66f90f1000-7f66f9dd9000 r-xp 00000000 08:16 1073819                    /usr/lib/jvm/java-8-oracle/jre/lib/amd64/server/libjvm.so
7f66f9dd9000-7f66f9fd8000 ---p 00ce8000 08:16 1073819                    /usr/lib/jvm/java-8-oracle/jre/lib/amd64/server/libjvm.so
7f66f9fd8000-7f66fa06e000 r--p 00ce7000 08:16 1073819                    /usr/lib/jvm/java-8-oracle/jre/lib/amd64/server/libjvm.so
7f66fa06e000-7f66fa09f000 rw-p 00d7d000 08:16 1073819                    /usr/lib/jvm/java-8-oracle/jre/lib/amd64/server/libjvm.so
7f66fa09f000-7f66fa0da000 rw-p 00000000 00:00 0 
7f66fa0da000-7f66fa2c1000 r-xp 00000000 08:16 661163                     /lib/x86_64-linux-gnu/libc-2.27.so
7f66fa2c1000-7f66fa4c1000 ---p 001e7000 08:16 661163                     /lib/x86_64-linux-gnu/libc-2.27.so
7f66fa4c1000-7f66fa4c5000 r--p 001e7000 08:16 661163                     /lib/x86_64-linux-gnu/libc-2.27.so
7f66fa4c5000-7f66fa4c7000 rw-p 001eb000 08:16 661163                     /lib/x86_64-linux-gnu/libc-2.27.so
7f66fa4c7000-7f66fa4cb000 rw-p 00000000 00:00 0 
7f66fa4cb000-7f66fa4ce000 r-xp 00000000 08:16 661186                     /lib/x86_64-linux-gnu/libdl-2.27.so
7f66fa4ce000-7f66fa6cd000 ---p 00003000 08:16 661186                     /lib/x86_64-linux-gnu/libdl-2.27.so
7f66fa6cd000-7f66fa6ce000 r--p 00002000 08:16 661186                     /lib/x86_64-linux-gnu/libdl-2.27.so
7f66fa6ce000-7f66fa6cf000 rw-p 00003000 08:16 661186                     /lib/x86_64-linux-gnu/libdl-2.27.so
7f66fa6cf000-7f66fa6e6000 r-xp 00000000 08:16 809587                     /usr/lib/jvm/java-8-oracle/lib/amd64/jli/libjli.so
7f66fa6e6000-7f66fa8e5000 ---p 00017000 08:16 809587                     /usr/lib/jvm/java-8-oracle/lib/amd64/jli/libjli.so
7f66fa8e5000-7f66fa8e6000 r--p 00016000 08:16 809587                     /usr/lib/jvm/java-8-oracle/lib/amd64/jli/libjli.so
7f66fa8e6000-7f66fa8e7000 rw-p 00017000 08:16 809587                     /usr/lib/jvm/java-8-oracle/lib/amd64/jli/libjli.so
7f66fa8e7000-7f66fa901000 r-xp 00000000 08:16 661296                     /lib/x86_64-linux-gnu/libpthread-2.27.so
7f66fa901000-7f66fab00000 ---p 0001a000 08:16 661296                     /lib/x86_64-linux-gnu/libpthread-2.27.so
7f66fab00000-7f66fab01000 r--p 00019000 08:16 661296                     /lib/x86_64-linux-gnu/libpthread-2.27.so
7f66fab01000-7f66fab02000 rw-p 0001a000 08:16 661296                     /lib/x86_64-linux-gnu/libpthread-2.27.so
7f66fab02000-7f66fab06000 rw-p 00000000 00:00 0 
7f66fab06000-7f66fab2d000 r-xp 00000000 08:16 661135                     /lib/x86_64-linux-gnu/ld-2.27.so
7f66fac0d000-7f66fac0e000 ---p 00000000 00:00 0 
7f66fac0e000-7f66fad10000 rw-p 00000000 00:00 0 
7f66fad21000-7f66fad29000 rw-s 00000000 08:16 531063                     /tmp/hsperfdata_andre/22658
7f66fad29000-7f66fad2a000 rw-p 00000000 00:00 0 
7f66fad2a000-7f66fad2b000 r--p 00000000 00:00 0 
7f66fad2b000-7f66fad2d000 rw-p 00000000 00:00 0 
7f66fad2d000-7f66fad2e000 r--p 00027000 08:16 661135                     /lib/x86_64-linux-gnu/ld-2.27.so
7f66fad2e000-7f66fad2f000 rw-p 00028000 08:16 661135                     /lib/x86_64-linux-gnu/ld-2.27.so
7f66fad2f000-7f66fad30000 rw-p 00000000 00:00 0 
7fff9fbfc000-7fff9fbff000 ---p 00000000 00:00 0 
7fff9fbff000-7fff9fcfc000 rw-p 00000000 00:00 0                          [stack]
7fff9fdbf000-7fff9fdc2000 r--p 00000000 00:00 0                          [vvar]
7fff9fdc2000-7fff9fdc4000 r-xp 00000000 00:00 0                          [vdso]
ffffffffff600000-ffffffffff601000 r-xp 00000000 00:00 0                  [vsyscall]

VM Arguments:
java_command: <unknown>
java_class_path (initial): .
Launcher Type: SUN_STANDARD

Environment Variables:
JAVA_HOME=/usr/lib/jvm/java-8-oracle
PATH=/home/andre/.local/bin:/usr/local/sbin:/usr/local/bin:/usr/sbin:/usr/bin:/sbin:/bin:/usr/games:/usr/local/games:/snap/bin:/usr/lib/jvm/java-8-oracle/bin:/usr/lib/jvm/java-8-oracle/db/bin:/usr/lib/jvm/java-8-oracle/jre/bin
USERNAME=andre
LD_LIBRARY_PATH=/usr/lib/jvm/java-8-oracle/jre/lib/amd64:/usr/lib/jvm/java-8-oracle/jre/lib/i386:
SHELL=/bin/bash
DISPLAY=:0

Signal Handlers:
SIGSEGV: [libjvm.so+0xad3e60], sa_mask[0]=11111111011111111101111111111110, sa_flags=SA_RESTART|SA_SIGINFO
SIGBUS: [libjvm.so+0xad3e60], sa_mask[0]=11111111011111111101111111111110, sa_flags=SA_RESTART|SA_SIGINFO
SIGFPE: [libjvm.so+0x90b880], sa_mask[0]=11111111011111111101111111111110, sa_flags=SA_RESTART|SA_SIGINFO
SIGPIPE: [libjvm.so+0x90b880], sa_mask[0]=11111111011111111101111111111110, sa_flags=SA_RESTART|SA_SIGINFO
SIGXFSZ: [libjvm.so+0x90b880], sa_mask[0]=11111111011111111101111111111110, sa_flags=SA_RESTART|SA_SIGINFO
SIGILL: [libjvm.so+0x90b880], sa_mask[0]=11111111011111111101111111111110, sa_flags=SA_RESTART|SA_SIGINFO
SIGUSR1: SIG_DFL, sa_mask[0]=00000000000000000000000000000000, sa_flags=none
SIGUSR2: [libjvm.so+0x90b750], sa_mask[0]=00100000000000000000000000000000, sa_flags=SA_RESTART|SA_SIGINFO
SIGHUP: SIG_DFL, sa_mask[0]=00000000000000000000000000000000, sa_flags=none
SIGINT: SIG_IGN, sa_mask[0]=00000000000000000000000000000000, sa_flags=none
SIGTERM: SIG_DFL, sa_mask[0]=00000000000000000000000000000000, sa_flags=none
SIGQUIT: SIG_DFL, sa_mask[0]=00000000000000000000000000000000, sa_flags=none


---------------  S Y S T E M  ---------------

OS:DISTRIB_ID=Ubuntu
DISTRIB_RELEASE=18.04
DISTRIB_CODENAME=bionic
DISTRIB_DESCRIPTION="Ubuntu 18.04.2 LTS"

uname:Linux 4.15.0-47-generic #50-Ubuntu SMP Wed Mar 13 10:44:52 UTC 2019 x86_64
libc:glibc 2.27 NPTL 2.27 
rlimit: STACK 8192k, CORE 0k, NPROC 62611, NOFILE 1048576, AS infinity
load average:0.79 1.33 1.40

/proc/meminfo:
MemTotal:       16303280 kB
MemFree:         4722404 kB
MemAvailable:   10459384 kB
Buffers:          409836 kB
Cached:          5805484 kB
SwapCached:            0 kB
Active:          5585484 kB
Inactive:        5082872 kB
Active(anon):    4454512 kB
Inactive(anon):   473452 kB
Active(file):    1130972 kB
Inactive(file):  4609420 kB
Unevictable:          64 kB
Mlocked:              64 kB
SwapTotal:       1463108 kB
SwapFree:        1463108 kB
Dirty:               108 kB
Writeback:             0 kB
AnonPages:       4453116 kB
Mapped:           381464 kB
Shmem:            474928 kB
Slab:             569252 kB
SReclaimable:     337808 kB
SUnreclaim:       231444 kB
KernelStack:      180656 kB
PageTables:        74500 kB
NFS_Unstable:          0 kB
Bounce:                0 kB
WritebackTmp:          0 kB
CommitLimit:     9614748 kB
Committed_AS:   21239140 kB
VmallocTotal:   34359738367 kB
VmallocUsed:           0 kB
VmallocChunk:          0 kB
HardwareCorrupted:     0 kB
AnonHugePages:         0 kB
ShmemHugePages:        0 kB
ShmemPmdMapped:        0 kB
CmaTotal:              0 kB
CmaFree:               0 kB
HugePages_Total:       0
HugePages_Free:        0
HugePages_Rsvd:        0
HugePages_Surp:        0
Hugepagesize:       2048 kB
DirectMap4k:      255400 kB
DirectMap2M:     8011776 kB
DirectMap1G:     8388608 kB

container (cgroup) information:
container_type: cgroupv1
cpu_cpuset_cpus: 0-7
cpu_memory_nodes: 0
active_processor_count: 8
cpu_quota: -1
cpu_period: 100000
cpu_shares: -1
memory_limit_in_bytes: -1
memory_and_swap_limit_in_bytes: -2
memory_soft_limit_in_bytes: -1
memory_usage_in_bytes: 9375199232
memory_max_usage_in_bytes: 13191675904


CPU:total 8 (initial active 8) (4 cores per cpu, 2 threads per core) family 6 model 158 stepping 9, cmov, cx8, fxsr, mmx, sse, sse2, sse3, ssse3, sse4.1, sse4.2, popcnt, avx, avx2, aes, clmul, erms, 3dnowpref, lzcnt, ht, tsc, tscinvbit, bmi1, bmi2, adx

/proc/cpuinfo:
processor	: 0
vendor_id	: GenuineIntel
cpu family	: 6
model		: 158
model name	: Intel(R) Core(TM) i7-7700HQ CPU @ 2.80GHz
stepping	: 9
microcode	: 0x8e
cpu MHz		: 3399.997
cache size	: 6144 KB
physical id	: 0
siblings	: 8
core id		: 0
cpu cores	: 4
apicid		: 0
initial apicid	: 0
fpu		: yes
fpu_exception	: yes
cpuid level	: 22
wp		: yes
flags		: fpu vme de pse tsc msr pae mce cx8 apic sep mtrr pge mca cmov pat pse36 clflush dts acpi mmx fxsr sse sse2 ss ht tm pbe syscall nx pdpe1gb rdtscp lm constant_tsc art arch_perfmon pebs bts rep_good nopl xtopology nonstop_tsc cpuid aperfmperf tsc_known_freq pni pclmulqdq dtes64 monitor ds_cpl vmx est tm2 ssse3 sdbg fma cx16 xtpr pdcm pcid sse4_1 sse4_2 x2apic movbe popcnt tsc_deadline_timer aes xsave avx f16c rdrand lahf_lm abm 3dnowprefetch cpuid_fault epb invpcid_single pti ssbd ibrs ibpb stibp tpr_shadow vnmi flexpriority ept vpid fsgsbase tsc_adjust bmi1 avx2 smep bmi2 erms invpcid mpx rdseed adx smap clflushopt intel_pt xsaveopt xsavec xgetbv1 xsaves dtherm ida arat pln pts hwp hwp_notify hwp_act_window hwp_epp flush_l1d
bugs		: cpu_meltdown spectre_v1 spectre_v2 spec_store_bypass l1tf
bogomips	: 5616.00
clflush size	: 64
cache_alignment	: 64
address sizes	: 39 bits physical, 48 bits virtual
power management:

processor	: 1
vendor_id	: GenuineIntel
cpu family	: 6
model		: 158
model name	: Intel(R) Core(TM) i7-7700HQ CPU @ 2.80GHz
stepping	: 9
microcode	: 0x8e
cpu MHz		: 3399.998
cache size	: 6144 KB
physical id	: 0
siblings	: 8
core id		: 1
cpu cores	: 4
apicid		: 2
initial apicid	: 2
fpu		: yes
fpu_exception	: yes
cpuid level	: 22
wp		: yes
flags		: fpu vme de pse tsc msr pae mce cx8 apic sep mtrr pge mca cmov pat pse36 clflush dts acpi mmx fxsr sse sse2 ss ht tm pbe syscall nx pdpe1gb rdtscp lm constant_tsc art arch_perfmon pebs bts rep_good nopl xtopology nonstop_tsc cpuid aperfmperf tsc_known_freq pni pclmulqdq dtes64 monitor ds_cpl vmx est tm2 ssse3 sdbg fma cx16 xtpr pdcm pcid sse4_1 sse4_2 x2apic movbe popcnt tsc_deadline_timer aes xsave avx f16c rdrand lahf_lm abm 3dnowprefetch cpuid_fault epb invpcid_single pti ssbd ibrs ibpb stibp tpr_shadow vnmi flexpriority ept vpid fsgsbase tsc_adjust bmi1 avx2 smep bmi2 erms invpcid mpx rdseed adx smap clflushopt intel_pt xsaveopt xsavec xgetbv1 xsaves dtherm ida arat pln pts hwp hwp_notify hwp_act_window hwp_epp flush_l1d
bugs		: cpu_meltdown spectre_v1 spectre_v2 spec_store_bypass l1tf
bogomips	: 5616.00
clflush size	: 64
cache_alignment	: 64
address sizes	: 39 bits physical, 48 bits virtual
power management:

processor	: 2
vendor_id	: GenuineIntel
cpu family	: 6
model		: 158
model name	: Intel(R) Core(TM) i7-7700HQ CPU @ 2.80GHz
stepping	: 9
microcode	: 0x8e
cpu MHz		: 3399.994
cache size	: 6144 KB
physical id	: 0
siblings	: 8
core id		: 2
cpu cores	: 4
apicid		: 4
initial apicid	: 4
fpu		: yes
fpu_exception	: yes
cpuid level	: 22
wp		: yes
flags		: fpu vme de pse tsc msr pae mce cx8 apic sep mtrr pge mca cmov pat pse36 clflush dts acpi mmx fxsr sse sse2 ss ht tm pbe syscall nx pdpe1gb rdtscp lm constant_tsc art arch_perfmon pebs bts rep_good nopl xtopology nonstop_tsc cpuid aperfmperf tsc_known_freq pni pclmulqdq dtes64 monitor ds_cpl vmx est tm2 ssse3 sdbg fma cx16 xtpr pdcm pcid sse4_1 sse4_2 x2apic movbe popcnt tsc_deadline_timer aes xsave avx f16c rdrand lahf_lm abm 3dnowprefetch cpuid_fault epb invpcid_single pti ssbd ibrs ibpb stibp tpr_shadow vnmi flexpriority ept vpid fsgsbase tsc_adjust bmi1 avx2 smep bmi2 erms invpcid mpx rdseed adx smap clflushopt intel_pt xsaveopt xsavec xgetbv1 xsaves dtherm ida arat pln pts hwp hwp_notify hwp_act_window hwp_epp flush_l1d
bugs		: cpu_meltdown spectre_v1 spectre_v2 spec_store_bypass l1tf
bogomips	: 5616.00
clflush size	: 64
cache_alignment	: 64
address sizes	: 39 bits physical, 48 bits virtual
power management:

processor	: 3
vendor_id	: GenuineIntel
cpu family	: 6
model		: 158
model name	: Intel(R) Core(TM) i7-7700HQ CPU @ 2.80GHz
stepping	: 9
microcode	: 0x8e
cpu MHz		: 3399.999
cache size	: 6144 KB
physical id	: 0
siblings	: 8
core id		: 3
cpu cores	: 4
apicid		: 6
initial apicid	: 6
fpu		: yes
fpu_exception	: yes
cpuid level	: 22
wp		: yes
flags		: fpu vme de pse tsc msr pae mce cx8 apic sep mtrr pge mca cmov pat pse36 clflush dts acpi mmx fxsr sse sse2 ss ht tm pbe syscall nx pdpe1gb rdtscp lm constant_tsc art arch_perfmon pebs bts rep_good nopl xtopology nonstop_tsc cpuid aperfmperf tsc_known_freq pni pclmulqdq dtes64 monitor ds_cpl vmx est tm2 ssse3 sdbg fma cx16 xtpr pdcm pcid sse4_1 sse4_2 x2apic movbe popcnt tsc_deadline_timer aes xsave avx f16c rdrand lahf_lm abm 3dnowprefetch cpuid_fault epb invpcid_single pti ssbd ibrs ibpb stibp tpr_shadow vnmi flexpriority ept vpid fsgsbase tsc_adjust bmi1 avx2 smep bmi2 erms invpcid mpx rdseed adx smap clflushopt intel_pt xsaveopt xsavec xgetbv1 xsaves dtherm ida arat pln pts hwp hwp_notify hwp_act_window hwp_epp flush_l1d
bugs		: cpu_meltdown spectre_v1 spectre_v2 spec_store_bypass l1tf
bogomips	: 5616.00
clflush size	: 64
cache_alignment	: 64
address sizes	: 39 bits physical, 48 bits virtual
power management:

processor	: 4
vendor_id	: GenuineIntel
cpu family	: 6
model		: 158
model name	: Intel(R) Core(TM) i7-7700HQ CPU @ 2.80GHz
stepping	: 9
microcode	: 0x8e
cpu MHz		: 3399.998
cache size	: 6144 KB
physical id	: 0
siblings	: 8
core id		: 0
cpu cores	: 4
apicid		: 1
initial apicid	: 1
fpu		: yes
fpu_exception	: yes
cpuid level	: 22
wp		: yes
flags		: fpu vme de pse tsc msr pae mce cx8 apic sep mtrr pge mca cmov pat pse36 clflush dts acpi mmx fxsr sse sse2 ss ht tm pbe syscall nx pdpe1gb rdtscp lm constant_tsc art arch_perfmon pebs bts rep_good nopl xtopology nonstop_tsc cpuid aperfmperf tsc_known_freq pni pclmulqdq dtes64 monitor ds_cpl vmx est tm2 ssse3 sdbg fma cx16 xtpr pdcm pcid sse4_1 sse4_2 x2apic movbe popcnt tsc_deadline_timer aes xsave avx f16c rdrand lahf_lm abm 3dnowprefetch cpuid_fault epb invpcid_single pti ssbd ibrs ibpb stibp tpr_shadow vnmi flexpriority ept vpid fsgsbase tsc_adjust bmi1 avx2 smep bmi2 erms invpcid mpx rdseed adx smap clflushopt intel_pt xsaveopt xsavec xgetbv1 xsaves dtherm ida arat pln pts hwp hwp_notify hwp_act_window hwp_epp flush_l1d
bugs		: cpu_meltdown spectre_v1 spectre_v2 spec_store_bypass l1tf
bogomips	: 5616.00
clflush size	: 64
cache_alignment	: 64
address sizes	: 39 bits physical, 48 bits virtual
power management:

processor	: 5
vendor_id	: GenuineIntel
cpu family	: 6
model		: 158
model name	: Intel(R) Core(TM) i7-7700HQ CPU @ 2.80GHz
stepping	: 9
microcode	: 0x8e
cpu MHz		: 3400.003
cache size	: 6144 KB
physical id	: 0
siblings	: 8
core id		: 1
cpu cores	: 4
apicid		: 3
initial apicid	: 3
fpu		: yes
fpu_exception	: yes
cpuid level	: 22
wp		: yes
flags		: fpu vme de pse tsc msr pae mce cx8 apic sep mtrr pge mca cmov pat pse36 clflush dts acpi mmx fxsr sse sse2 ss ht tm pbe syscall nx pdpe1gb rdtscp lm constant_tsc art arch_perfmon pebs bts rep_good nopl xtopology nonstop_tsc cpuid aperfmperf tsc_known_freq pni pclmulqdq dtes64 monitor ds_cpl vmx est tm2 ssse3 sdbg fma cx16 xtpr pdcm pcid sse4_1 sse4_2 x2apic movbe popcnt tsc_deadline_timer aes xsave avx f16c rdrand lahf_lm abm 3dnowprefetch cpuid_fault epb invpcid_single pti ssbd ibrs ibpb stibp tpr_shadow vnmi flexpriority ept vpid fsgsbase tsc_adjust bmi1 avx2 smep bmi2 erms invpcid mpx rdseed adx smap clflushopt intel_pt xsaveopt xsavec xgetbv1 xsaves dtherm ida arat pln pts hwp hwp_notify hwp_act_window hwp_epp flush_l1d
bugs		: cpu_meltdown spectre_v1 spectre_v2 spec_store_bypass l1tf
bogomips	: 5616.00
clflush size	: 64
cache_alignment	: 64
address sizes	: 39 bits physical, 48 bits virtual
power management:

processor	: 6
vendor_id	: GenuineIntel
cpu family	: 6
model		: 158
model name	: Intel(R) Core(TM) i7-7700HQ CPU @ 2.80GHz
stepping	: 9
microcode	: 0x8e
cpu MHz		: 3400.000
cache size	: 6144 KB
physical id	: 0
siblings	: 8
core id		: 2
cpu cores	: 4
apicid		: 5
initial apicid	: 5
fpu		: yes
fpu_exception	: yes
cpuid level	: 22
wp		: yes
flags		: fpu vme de pse tsc msr pae mce cx8 apic sep mtrr pge mca cmov pat pse36 clflush dts acpi mmx fxsr sse sse2 ss ht tm pbe syscall nx pdpe1gb rdtscp lm constant_tsc art arch_perfmon pebs bts rep_good nopl xtopology nonstop_tsc cpuid aperfmperf tsc_known_freq pni pclmulqdq dtes64 monitor ds_cpl vmx est tm2 ssse3 sdbg fma cx16 xtpr pdcm pcid sse4_1 sse4_2 x2apic movbe popcnt tsc_deadline_timer aes xsave avx f16c rdrand lahf_lm abm 3dnowprefetch cpuid_fault epb invpcid_single pti ssbd ibrs ibpb stibp tpr_shadow vnmi flexpriority ept vpid fsgsbase tsc_adjust bmi1 avx2 smep bmi2 erms invpcid mpx rdseed adx smap clflushopt intel_pt xsaveopt xsavec xgetbv1 xsaves dtherm ida arat pln pts hwp hwp_notify hwp_act_window hwp_epp flush_l1d
bugs		: cpu_meltdown spectre_v1 spectre_v2 spec_store_bypass l1tf
bogomips	: 5616.00
clflush size	: 64
cache_alignment	: 64
address sizes	: 39 bits physical, 48 bits virtual
power management:

processor	: 7
vendor_id	: GenuineIntel
cpu family	: 6
model		: 158
model name	: Intel(R) Core(TM) i7-7700HQ CPU @ 2.80GHz
stepping	: 9
microcode	: 0x8e
cpu MHz		: 3399.998
cache size	: 6144 KB
physical id	: 0
siblings	: 8
core id		: 3
cpu cores	: 4
apicid		: 7
initial apicid	: 7
fpu		: yes
fpu_exception	: yes
cpuid level	: 22
wp		: yes
flags		: fpu vme de pse tsc msr pae mce cx8 apic sep mtrr pge mca cmov pat pse36 clflush dts acpi mmx fxsr sse sse2 ss ht tm pbe syscall nx pdpe1gb rdtscp lm constant_tsc art arch_perfmon pebs bts rep_good nopl xtopology nonstop_tsc cpuid aperfmperf tsc_known_freq pni pclmulqdq dtes64 monitor ds_cpl vmx est tm2 ssse3 sdbg fma cx16 xtpr pdcm pcid sse4_1 sse4_2 x2apic movbe popcnt tsc_deadline_timer aes xsave avx f16c rdrand lahf_lm abm 3dnowprefetch cpuid_fault epb invpcid_single pti ssbd ibrs ibpb stibp tpr_shadow vnmi flexpriority ept vpid fsgsbase tsc_adjust bmi1 avx2 smep bmi2 erms invpcid mpx rdseed adx smap clflushopt intel_pt xsaveopt xsavec xgetbv1 xsaves dtherm ida arat pln pts hwp hwp_notify hwp_act_window hwp_epp flush_l1d
bugs		: cpu_meltdown spectre_v1 spectre_v2 spec_store_bypass l1tf
bogomips	: 5616.00
clflush size	: 64
cache_alignment	: 64
address sizes	: 39 bits physical, 48 bits virtual
power management:



Memory: 4k page, physical 16303280k(4721748k free), swap 1463108k(1463108k free)

vm_info: Java HotSpot(TM) 64-Bit Server VM (25.201-b09) for linux-amd64 JRE (1.8.0_201-b09), built on Dec 15 2018 11:35:59 by "java_re" with gcc 7.3.0

time: Tue May 14 11:14:42 2019
timezone: WEST
elapsed time: 0 seconds (0d 0h 0m 0s)

